<?xml version="1.0" encoding="UTF-8"?>
<!-- Generated by org.testng.reporters.JUnitReportReporter -->
<testsuite hostname="MDC5-L-1366NRB" failures="0" tests="1" name="com.rest.TestRest" time="2.889" errors="0" timestamp="2023-06-18T16:25:37 IST" skipped="0">
  <testcase classname="com.rest.TestRest" name="test1" time="2.889"/>
  <system-out/>
</testsuite> <!-- com.rest.TestRest -->
