<?xml version="1.0" encoding="UTF-8"?>
<!-- Generated by org.testng.reporters.JUnitReportReporter -->
<testsuite hostname="MDC5-L-1366NRB" failures="0" tests="1" name="com.rest.ResponseSpecificationExample" time="4.551" errors="0" timestamp="2022-11-11T03:25:44 IST" skipped="0">
  <testcase classname="com.rest.ResponseSpecificationExample" name="test" time="4.551"/>
  <system-out/>
</testsuite> <!-- com.rest.ResponseSpecificationExample -->
