<?xml version="1.0" encoding="UTF-8"?>
<!-- Generated by org.testng.reporters.JUnitReportReporter -->
<testsuite hostname="MDC5-L-1366NRB" failures="0" tests="1" name="com.rest.RequestSpecificationExample" time="3.250" errors="0" timestamp="2022-11-06T02:44:39 IST" skipped="0">
  <testcase classname="com.rest.RequestSpecificationExample" name="test" time="3.250"/>
  <system-out/>
</testsuite> <!-- com.rest.RequestSpecificationExample -->
