<?xml version="1.0" encoding="UTF-8"?>
<!-- Generated by org.testng.reporters.JUnitReportReporter -->
<testsuite hostname="MDC5-L-1366NRB" failures="0" tests="1" name="com.rest.UploadDownload" time="18.520" errors="0" timestamp="2022-11-12T01:21:12 IST" skipped="0">
  <testcase classname="com.rest.UploadDownload" name="downloadTestAsByteArray" time="18.520"/>
  <system-out/>
</testsuite> <!-- com.rest.UploadDownload -->
