<?xml version="1.0" encoding="UTF-8"?>
<!-- Generated by org.testng.reporters.JUnitReportReporter -->
<testsuite hostname="MDC5-L-1366NRB" failures="0" tests="1" name="com.test.Test" time="0.805" errors="0" timestamp="2022-09-23T15:41:38 IST" skipped="0">
  <testcase classname="com.test.Test" name="test" time="0.805"/>
  <system-out/>
</testsuite> <!-- com.test.Test -->
