<?xml version="1.0" encoding="UTF-8"?>
<!-- Generated by org.testng.reporters.JUnitReportReporter -->
<testsuite hostname="MDC5-L-1366NRB" failures="0" tests="1" name="com.rest.RequestPayloadAsJsonArray" time="4.711" errors="0" timestamp="2022-11-12T00:06:57 IST" skipped="0">
  <testcase classname="com.rest.RequestPayloadAsJsonArray" name="test" time="4.711"/>
  <system-out/>
</testsuite> <!-- com.rest.RequestPayloadAsJsonArray -->
