<?xml version="1.0" encoding="UTF-8"?>
<!-- Generated by org.testng.reporters.JUnitReportReporter -->
<testsuite hostname="MDC5-L-1366NRB" failures="0" tests="1" name="com.rest.Filters" time="2.281" errors="0" timestamp="2022-11-13T01:33:33 IST" skipped="0">
  <testcase classname="com.rest.Filters" name="test" time="2.281"/>
  <system-out/>
</testsuite> <!-- com.rest.Filters -->
