<?xml version="1.0" encoding="UTF-8"?>
<!-- Generated by org.testng.reporters.JUnitReportReporter -->
<testsuite hostname="MDC5-L-1366NRB" failures="0" tests="1" name="com.rest.RequestSpecificationExample2" time="0.004" errors="0" timestamp="2022-11-06T02:52:36 IST" skipped="0">
  <testcase classname="com.rest.RequestSpecificationExample2" name="queryTest" time="0.004"/>
  <system-out/>
</testsuite> <!-- com.rest.RequestSpecificationExample2 -->
