<?xml version="1.0" encoding="UTF-8"?>
<!-- Generated by org.testng.reporters.JUnitReportReporter -->
<testsuite hostname="MDC5-L-1366NRB" failures="0" tests="1" name="com.rest.AutomatePost" time="3.520" errors="0" timestamp="2022-11-11T23:20:54 IST" skipped="0">
  <testcase classname="com.rest.AutomatePost" name="test" time="3.520"/>
  <system-out/>
</testsuite> <!-- com.rest.AutomatePost -->
